<?xml version="1.0" encoding="UTF-8"?>
<testng-results skipped="0" failed="0" total="1" passed="1">
  <reporter-output>
    <line>
      <![CDATA[Test Running successfully]]>
    </line>
  </reporter-output>
  <suite name="Suite" duration-ms="32" started-at="2020-06-29T04:52:46Z" finished-at="2020-06-29T04:52:46Z">
    <groups>
    </groups>
    <test name="Test" duration-ms="32" started-at="2020-06-29T04:52:46Z" finished-at="2020-06-29T04:52:46Z">
      <class name="com.actitime.login.Demo">
        <test-method status="PASS" signature="run()[pri:0, instance:com.actitime.login.Demo@1686d1f]" name="run" duration-ms="9" started-at="2020-06-29T10:22:46Z" finished-at="2020-06-29T10:22:46Z">
          <reporter-output>
            <line>
              <![CDATA[Test Running successfully]]>
            </line>
          </reporter-output>
        </test-method> <!-- run -->
      </class> <!-- com.actitime.login.Demo -->
    </test> <!-- Test -->
  </suite> <!-- Suite -->
</testng-results>
